0 info it worked if it ends with ok
1 verbose cli [ '/home/ngrove/.nvm/versions/node/v6.10.2/bin/node',
1 verbose cli   '/home/ngrove/.nvm/versions/node/v6.10.2/bin/npm',
1 verbose cli   'run',
1 verbose cli   'start' ]
2 info using npm@3.10.10
3 info using node@v6.10.2
4 verbose run-script [ 'prestart', 'start', 'poststart' ]
5 info lifecycle serverless@1.0.0~prestart: serverless@1.0.0
6 silly lifecycle serverless@1.0.0~prestart: no script for prestart, continuing
7 info lifecycle serverless@1.0.0~start: serverless@1.0.0
8 verbose lifecycle serverless@1.0.0~start: unsafe-perm in lifecycle true
9 verbose lifecycle serverless@1.0.0~start: PATH: /home/ngrove/.nvm/versions/node/v6.10.2/lib/node_modules/npm/bin/node-gyp-bin:/mnt/c/Users/Nathan/code/serverless/node_modules/.bin:/home/ngrove/.nvm/versions/node/v6.10.2/bin:/usr/local/sbin:/usr/local/bin:/usr/sbin:/usr/bin:/sbin:/bin:/usr/games:/usr/local/games:/mnt/c/Program Files (x86)/Intel/iCLS Client:/mnt/c/Program Files/Intel/iCLS Client:/mnt/c/Program Files/Docker/Docker/resources/bin:/mnt/c/ProgramData/Oracle/Java/javapath_target_495656:/mnt/c/Windows/System32:/mnt/c/Windows:/mnt/c/Windows/System32/wbem:/mnt/c/Windows/System32/WindowsPowerShell/v1.0:/mnt/c/Program Files/Intel/WiFi/bin:/mnt/c/Program Files/Common Files/Intel/WirelessCommon:/mnt/c/Program Files/nodejs:/mnt/c/Program Files/OpenVPN/bin:/mnt/c/Program Files (x86)/Intel/Intel(R) Management Engine Components/DAL:/mnt/c/Program Files/Intel/Intel(R) Management Engine Components/DAL:/mnt/c/Program Files (x86)/Intel/Intel(R) Management Engine Components/IPT:/mnt/c/Program Files/Intel/Intel(R) Management Engine Components/IPT:/mnt/c/Users/Nathan/AppData/Local/Programs/Python/Python36-32/Scripts:/mnt/c/Users/Nathan/AppData/Local/Programs/Python/Python36-32:/mnt/c/Users/Nathan/AppData/Local/Microsoft/WindowsApps:/mnt/c/Users/Nathan/AppData/Roaming/npm:/mnt/c/xampp/php:/home/ngrove/bin/docker
10 verbose lifecycle serverless@1.0.0~start: CWD: /mnt/c/Users/Nathan/code/serverless
11 silly lifecycle serverless@1.0.0~start: Args: [ '-c', 'node index.js' ]
12 silly lifecycle serverless@1.0.0~start: Returned: code: 1  signal: null
13 info lifecycle serverless@1.0.0~start: Failed to exec start script
14 verbose stack Error: serverless@1.0.0 start: `node index.js`
14 verbose stack Exit status 1
14 verbose stack     at EventEmitter.<anonymous> (/home/ngrove/.nvm/versions/node/v6.10.2/lib/node_modules/npm/lib/utils/lifecycle.js:255:16)
14 verbose stack     at emitTwo (events.js:106:13)
14 verbose stack     at EventEmitter.emit (events.js:191:7)
14 verbose stack     at ChildProcess.<anonymous> (/home/ngrove/.nvm/versions/node/v6.10.2/lib/node_modules/npm/lib/utils/spawn.js:40:14)
14 verbose stack     at emitTwo (events.js:106:13)
14 verbose stack     at ChildProcess.emit (events.js:191:7)
14 verbose stack     at maybeClose (internal/child_process.js:886:16)
14 verbose stack     at Process.ChildProcess._handle.onexit (internal/child_process.js:226:5)
15 verbose pkgid serverless@1.0.0
16 verbose cwd /mnt/c/Users/Nathan/code/serverless
17 error Linux 4.4.0-43-Microsoft
18 error argv "/home/ngrove/.nvm/versions/node/v6.10.2/bin/node" "/home/ngrove/.nvm/versions/node/v6.10.2/bin/npm" "run" "start"
19 error node v6.10.2
20 error npm  v3.10.10
21 error code ELIFECYCLE
22 error serverless@1.0.0 start: `node index.js`
22 error Exit status 1
23 error Failed at the serverless@1.0.0 start script 'node index.js'.
23 error Make sure you have the latest version of node.js and npm installed.
23 error If you do, this is most likely a problem with the serverless package,
23 error not with npm itself.
23 error Tell the author that this fails on your system:
23 error     node index.js
23 error You can get information on how to open an issue for this project with:
23 error     npm bugs serverless
23 error Or if that isn't available, you can get their info via:
23 error     npm owner ls serverless
23 error There is likely additional logging output above.
24 verbose exit [ 1, true ]
